Arguments: 
  /usr/local/bin/node /usr/local/bin/yarn add @babel/core babel-preset-env babel-loader --dev

PATH: 
  /Users/pengbin/go/bin:/usr/local/go/bin:/opt/homebrew/bin:/opt/homebrew/bin:/opt/homebrew/sbin:/usr/local/bin:/usr/bin:/bin:/usr/sbin:/sbin:/usr/local/go/bin:/Users/pengbin/go/bin:/opt/homebrew/bin:/opt/homebrew/sbin

Yarn version: 
  1.22.18

Node version: 
  16.14.0

Platform: 
  darwin arm64

Trace: 
  Error: unable to get local issuer certificate
      at TLSSocket.onConnectSecure (node:_tls_wrap:1530:34)
      at TLSSocket.emit (node:events:520:28)
      at TLSSocket._finishInit (node:_tls_wrap:944:8)
      at TLSWrap.ssl.onhandshakedone (node:_tls_wrap:725:12)

npm manifest: 
  {
    "name": "ts-starter-project",
    "version": "1.0.0",
    "description": "",
    "main": "index.js",
    "scripts": {
      "test": "echo \"Error: no test specified\" && exit 1"
    },
    "repository": {
      "type": "git",
      "url": "git+https://github.com/pengbin2015/ts-starter-project.git"
    },
    "keywords": [],
    "author": "",
    "license": "ISC",
    "bugs": {
      "url": "https://github.com/pengbin2015/ts-starter-project/issues"
    },
    "homepage": "https://github.com/pengbin2015/ts-starter-project#readme"
  }

yarn manifest: 
  No manifest

Lockfile: 
  No lockfile
